<?xml version="1.0" encoding="UTF-8"?>
<!-- Generated by org.testng.reporters.JUnitReportReporter -->
<testsuite hostname="NJR-SEC-LAPTOP" failures="0" tests="2" name="testcases.LoginTest" time="17.059" errors="0" timestamp="26 Nov 2023 16:36:01 GMT" skipped="0">
  <testcase classname="testcases.LoginTest" name="LoginFailureTest" time="9.164"/>
  <testcase classname="testcases.LoginTest" name="LoginSuccessTest" time="7.895"/>
</testsuite> <!-- testcases.LoginTest -->
